2024-02-28 17:49:44.055 | INFO     | program_analyzer:analyze:41 - Created output/test.experiment.sol
2024-02-29 08:28:56.026 | INFO     | program_analyzer:analyze:41 - Created output/test.experiment.sol
2024-02-29 08:28:56.026 | INFO     | program_analyzer:analyze:41 - Created output/test.experiment.sol
2024-02-29 08:28:56.026 | ERROR    | __main__:main:28 - Echidna executable not found. Please make sure Echidna is installed and added to your PATH.
2024-02-29 08:28:56.026 | ERROR    | __main__:main:28 - Echidna executable not found. Please make sure Echidna is installed and added to your PATH.
2024-02-29 08:30:28.393 | INFO     | program_analyzer:analyze:41 - Created output/test.experiment.sol
2024-02-29 08:30:28.393 | INFO     | program_analyzer:analyze:41 - Created output/test.experiment.sol
2024-02-29 08:30:28.394 | ERROR    | __main__:main:28 - Echidna executable not found. Please make sure Echidna is installed and added to your PATH.
2024-02-29 08:30:28.394 | ERROR    | __main__:main:28 - Echidna executable not found. Please make sure Echidna is installed and added to your PATH.
2024-02-29 08:37:52.278 | ERROR    | __main__:main:28 - Echidna executable not found. Please make sure Echidna is installed and added to your PATH.
2024-02-29 08:37:52.278 | ERROR    | __main__:main:28 - Echidna executable not found. Please make sure Echidna is installed and added to your PATH.
2024-02-29 08:54:58.985 | ERROR    | __main__:run_echidna:67 - Echidna executable not found. Please make sure Echidna is installed and added to your PATH.
2024-02-29 08:55:17.118 | INFO     | __main__:run_echidna:62 - Echidna process terminated after 10 seconds.
2024-02-29 08:57:16.595 | INFO     | __main__:run_echidna:62 - Sent ESC character signal to Echidna process.
2024-02-29 08:58:34.973 | INFO     | __main__:run_echidna:66 - Sent ESC character signal to Echidna process.
2024-02-29 10:37:02.502 | INFO     | program_analyzer:analyze:41 - Created output/test.experiment.sol
2024-02-29 10:37:02.502 | INFO     | program_analyzer:analyze:41 - Created output/test.experiment.sol
2024-02-29 10:37:12.512 | INFO     | echidna_runner:run_echidna:27 - Sent ESC character signal to Echidna process.
2024-02-29 10:37:12.512 | INFO     | echidna_runner:run_echidna:27 - Sent ESC character signal to Echidna process.
2024-02-29 10:37:23.204 | INFO     | program_analyzer:analyze:41 - Created output/test.experiment.sol
2024-02-29 10:37:23.204 | INFO     | program_analyzer:analyze:41 - Created output/test.experiment.sol
2024-02-29 10:37:33.214 | INFO     | echidna_runner:run_echidna:27 - Sent ESC character signal to Echidna process.
2024-02-29 10:37:33.214 | INFO     | echidna_runner:run_echidna:27 - Sent ESC character signal to Echidna process.
2024-02-29 10:38:25.717 | INFO     | program_analyzer:analyze:41 - Created output/test.experiment.sol
2024-02-29 10:38:25.717 | INFO     | program_analyzer:analyze:41 - Created output/test.experiment.sol
2024-02-29 10:38:35.728 | INFO     | echidna_runner:run_echidna:27 - Sent ESC character signal to Echidna process.
2024-02-29 10:38:35.728 | INFO     | echidna_runner:run_echidna:27 - Sent ESC character signal to Echidna process.
2024-02-29 10:38:44.511 | INFO     | program_analyzer:analyze:41 - Created output/test.experiment.sol
2024-02-29 10:38:44.511 | INFO     | program_analyzer:analyze:41 - Created output/test.experiment.sol
2024-02-29 10:38:54.521 | INFO     | echidna_runner:run_echidna:27 - Sent ESC character signal to Echidna process.
2024-02-29 10:38:54.521 | INFO     | echidna_runner:run_echidna:27 - Sent ESC character signal to Echidna process.
2024-02-29 10:39:41.096 | INFO     | program_analyzer:analyze:41 - Created output/test.experiment.sol
2024-02-29 10:39:41.096 | INFO     | program_analyzer:analyze:41 - Created output/test.experiment.sol
2024-02-29 10:39:51.104 | INFO     | echidna_runner:run_echidna:27 - Sent ESC character signal to Echidna process.
2024-02-29 10:39:51.104 | INFO     | echidna_runner:run_echidna:27 - Sent ESC character signal to Echidna process.
2024-02-29 10:55:31.566 | INFO     | program_analyzer:analyze:41 - Created output/test.experiment.sol
2024-02-29 10:55:31.566 | INFO     | program_analyzer:analyze:41 - Created output/test.experiment.sol
2024-02-29 10:55:41.574 | INFO     | echidna_runner:run_echidna:27 - Sent ESC character signal to Echidna process.
2024-02-29 10:55:41.574 | INFO     | echidna_runner:run_echidna:27 - Sent ESC character signal to Echidna process.
2024-02-29 11:13:08.570 | INFO     | program_analyzer:analyze:41 - Created output/test.experiment.sol
2024-02-29 11:13:08.570 | INFO     | program_analyzer:analyze:41 - Created output/test.experiment.sol
2024-02-29 11:13:18.579 | INFO     | echidna_runner:run_echidna:27 - Sent ESC character signal to Echidna process.
2024-02-29 11:13:18.579 | INFO     | echidna_runner:run_echidna:27 - Sent ESC character signal to Echidna process.
2024-02-29 11:13:52.704 | INFO     | program_analyzer:analyze:41 - Created output/test.experiment.sol
2024-02-29 11:13:52.704 | INFO     | program_analyzer:analyze:41 - Created output/test.experiment.sol
2024-02-29 11:13:57.710 | INFO     | echidna_runner:run_echidna:25 - Sent ESC character signal to Echidna process.
2024-02-29 11:13:57.710 | INFO     | echidna_runner:run_echidna:25 - Sent ESC character signal to Echidna process.
2024-02-29 11:15:08.044 | INFO     | program_analyzer:analyze:41 - Created output/test.experiment.sol
2024-02-29 11:15:08.044 | INFO     | program_analyzer:analyze:41 - Created output/test.experiment.sol
2024-02-29 11:15:13.051 | INFO     | echidna_runner:run_echidna:25 - Sent ESC character signal to Echidna process.
2024-02-29 11:15:13.051 | INFO     | echidna_runner:run_echidna:25 - Sent ESC character signal to Echidna process.
2024-02-29 11:18:59.833 | INFO     | program_analyzer:analyze:41 - Created output/test.experiment.sol
2024-02-29 11:18:59.833 | INFO     | program_analyzer:analyze:41 - Created output/test.experiment.sol
2024-02-29 11:19:04.839 | INFO     | echidna_runner:run_echidna:25 - Sent ESC character signal to Echidna process.
2024-02-29 11:19:04.839 | INFO     | echidna_runner:run_echidna:25 - Sent ESC character signal to Echidna process.
